<?xml version="1.0" encoding="UTF-8"?>
<!-- Generated by org.testng.reporters.JUnitReportReporter -->
<testsuite hostname="Amreens-MacBook-Pro.local" failures="0" tests="9" name="Runner.TestRunner" time="1.585" errors="0" timestamp="2024-02-24T19:53:37 CST" skipped="0">
  <testcase classname="Runner.TestRunner" name="runScenario" time="0.020"/>
  <testcase classname="Runner.TestRunner" name="runScenario" time="0.008"/>
  <testcase classname="Runner.TestRunner" name="runScenario" time="0.085"/>
  <testcase classname="Runner.TestRunner" name="runScenario" time="0.614"/>
  <testcase classname="Runner.TestRunner" name="runScenario" time="0.299"/>
  <testcase classname="Runner.TestRunner" name="runScenario" time="0.010"/>
  <testcase classname="Runner.TestRunner" name="runScenario" time="0.395"/>
  <testcase classname="Runner.TestRunner" name="runScenario" time="0.144"/>
  <testcase classname="Runner.TestRunner" name="runScenario" time="0.010"/>
</testsuite> <!-- Runner.TestRunner -->
